<?xml version="1.0" encoding="UTF-8"?>
<!-- Generated by org.testng.reporters.JUnitXMLReporter -->
<testsuite ignored="0" hostname="LAPTOP-BGK8ND2I" failures="0" tests="4" name="Default test" time="15.703" errors="0" timestamp="2022-05-25T22:31:59 IST">
  <testcase classname="testjava.LoginpageTest" name="verifyLoginOfPag" time="8.303"/>
  <testcase classname="testjava.LoginpageTest" name="verifyLoginOfPag" time="2.321"/>
  <testcase classname="testjava.LoginpageTest" name="verifyLoginOfPag" time="1.927"/>
  <testcase classname="testjava.LoginpageTest" name="verifyLoginOfPag" time="1.998"/>
</testsuite> <!-- Default test -->
