<?xml version="1.0" encoding="UTF-8"?>
<testng-results ignored="0" total="4" passed="4" failed="0" skipped="0">
  <reporter-output>
  </reporter-output>
  <suite started-at="2022-05-25T22:31:44 IST" name="Default suite" finished-at="2022-05-25T22:31:59 IST" duration-ms="15703">
    <groups>
    </groups>
    <test started-at="2022-05-25T22:31:44 IST" name="Default test" finished-at="2022-05-25T22:31:59 IST" duration-ms="15703">
      <class name="testjava.LoginpageTest">
        <test-method is-config="true" signature="WebBrowserLaunching()[pri:0, instance:testjava.LoginpageTest@712625fd]" started-at="2022-05-25T22:31:31 IST" name="WebBrowserLaunching" finished-at="2022-05-25T22:31:44 IST" duration-ms="12290" status="PASS">
          <reporter-output>
          </reporter-output>
        </test-method> <!-- WebBrowserLaunching -->
        <test-method is-config="true" signature="allPageObjects()[pri:0, instance:testjava.LoginpageTest@712625fd]" started-at="2022-05-25T22:31:44 IST" name="allPageObjects" finished-at="2022-05-25T22:31:44 IST" duration-ms="75" status="PASS">
          <reporter-output>
          </reporter-output>
        </test-method> <!-- allPageObjects -->
        <test-method signature="verifyLoginOfPag(java.lang.String,java.lang.String,java.lang.String)[pri:0, instance:testjava.LoginpageTest@712625fd]" started-at="2022-05-25T22:31:44 IST" name="verifyLoginOfPag" data-provider="Logindata" finished-at="2022-05-25T22:31:52 IST" duration-ms="8303" status="PASS">
          <params>
            <param index="0">
              <value>
                <![CDATA[Admin]]>
              </value>
            </param>
            <param index="1">
              <value>
                <![CDATA[admin123]]>
              </value>
            </param>
            <param index="2">
              <value>
                <![CDATA[valid]]>
              </value>
            </param>
          </params>
          <reporter-output>
          </reporter-output>
        </test-method> <!-- verifyLoginOfPag -->
        <test-method signature="verifyLoginOfPag(java.lang.String,java.lang.String,java.lang.String)[pri:0, instance:testjava.LoginpageTest@712625fd]" started-at="2022-05-25T22:31:52 IST" name="verifyLoginOfPag" data-provider="Logindata" finished-at="2022-05-25T22:31:55 IST" duration-ms="2321" status="PASS">
          <params>
            <param index="0">
              <value>
                <![CDATA[Admin123]]>
              </value>
            </param>
            <param index="1">
              <value>
                <![CDATA[adminbha123]]>
              </value>
            </param>
            <param index="2">
              <value>
                <![CDATA[invalid]]>
              </value>
            </param>
          </params>
          <reporter-output>
          </reporter-output>
        </test-method> <!-- verifyLoginOfPag -->
        <test-method signature="verifyLoginOfPag(java.lang.String,java.lang.String,java.lang.String)[pri:0, instance:testjava.LoginpageTest@712625fd]" started-at="2022-05-25T22:31:55 IST" name="verifyLoginOfPag" data-provider="Logindata" finished-at="2022-05-25T22:31:56 IST" duration-ms="1927" status="PASS">
          <params>
            <param index="0">
              <value>
                <![CDATA[Admin1234]]>
              </value>
            </param>
            <param index="1">
              <value>
                <![CDATA[admin45123]]>
              </value>
            </param>
            <param index="2">
              <value>
                <![CDATA[invalid]]>
              </value>
            </param>
          </params>
          <reporter-output>
          </reporter-output>
        </test-method> <!-- verifyLoginOfPag -->
        <test-method signature="verifyLoginOfPag(java.lang.String,java.lang.String,java.lang.String)[pri:0, instance:testjava.LoginpageTest@712625fd]" started-at="2022-05-25T22:31:56 IST" name="verifyLoginOfPag" data-provider="Logindata" finished-at="2022-05-25T22:31:58 IST" duration-ms="1998" status="PASS">
          <params>
            <param index="0">
              <value>
                <![CDATA[Admin00]]>
              </value>
            </param>
            <param index="1">
              <value>
                <![CDATA[admin]]>
              </value>
            </param>
            <param index="2">
              <value>
                <![CDATA[invalid]]>
              </value>
            </param>
          </params>
          <reporter-output>
          </reporter-output>
        </test-method> <!-- verifyLoginOfPag -->
        <test-method is-config="true" signature="tearDownBrowser()[pri:0, instance:testjava.LoginpageTest@712625fd]" started-at="2022-05-25T22:31:58 IST" name="tearDownBrowser" finished-at="2022-05-25T22:31:59 IST" duration-ms="988" status="PASS">
          <reporter-output>
          </reporter-output>
        </test-method> <!-- tearDownBrowser -->
      </class> <!-- testjava.LoginpageTest -->
    </test> <!-- Default test -->
  </suite> <!-- Default suite -->
</testng-results>
